{"numTotalTestSuites":95,"numPassedTestSuites":52,"numFailedTestSuites":43,"numPendingTestSuites":0,"numTotalTests":183,"numPassedTests":144,"numFailedTests":39,"numPendingTests":0,"numTodoTests":0,"snapshot":{"added":0,"failure":false,"filesAdded":0,"filesRemoved":0,"filesRemovedList":[],"filesUnmatched":0,"filesUpdated":0,"matched":0,"total":0,"unchecked":0,"uncheckedKeysByFile":[],"unmatched":0,"updated":0,"didUpdate":false},"startTime":1760637727521,"success":false,"testResults":[{"assertionResults":[{"ancestorTitles":["Vitest Configuration"],"fullName":"Vitest Configuration should run basic test","status":"passed","title":"should run basic test","duration":2.816399999999703,"failureMessages":[],"meta":{}},{"ancestorTitles":["Vitest Configuration"],"fullName":"Vitest Configuration should have access to globals","status":"passed","title":"should have access to globals","duration":0.9358000000001994,"failureMessages":[],"meta":{}},{"ancestorTitles":["Vitest Configuration"],"fullName":"Vitest Configuration should work with async/await","status":"passed","title":"should work with async/await","duration":0.835599999999431,"failureMessages":[],"meta":{}},{"ancestorTitles":["Vitest Configuration"],"fullName":"Vitest Configuration should work with timers","status":"passed","title":"should work with timers","duration":7.56919999999991,"failureMessages":[],"meta":{}},{"ancestorTitles":["Test Utils"],"fullName":"Test Utils should mock localStorage","status":"passed","title":"should mock localStorage","duration":2.0964999999996508,"failureMessages":[],"meta":{}},{"ancestorTitles":["Test Utils"],"fullName":"Test Utils should mock fetch","status":"failed","title":"should mock fetch","duration":11.409500000000662,"failureMessages":["TypeError: global.testUtils.mockFetch is not a function\n    at D:\\webWork\\my_self\\tanner-start\\src\\test\\example.test.ts:61:22\n    at file:///D:/webWork/my_self/tanner-start/node_modules/@vitest/runner/dist/chunk-hooks.js:155:11\n    at file:///D:/webWork/my_self/tanner-start/node_modules/@vitest/runner/dist/chunk-hooks.js:752:26\n    at file:///D:/webWork/my_self/tanner-start/node_modules/@vitest/runner/dist/chunk-hooks.js:1897:20\n    at new Promise (<anonymous>)\n    at runWithTimeout (file:///D:/webWork/my_self/tanner-start/node_modules/@vitest/runner/dist/chunk-hooks.js:1863:10)\n    at runTest (file:///D:/webWork/my_self/tanner-start/node_modules/@vitest/runner/dist/chunk-hooks.js:1574:12)\n    at processTicksAndRejections (node:internal/process/task_queues:105:5)\n    at runSuite (file:///D:/webWork/my_self/tanner-start/node_modules/@vitest/runner/dist/chunk-hooks.js:1729:8)\n    at runSuite (file:///D:/webWork/my_self/tanner-start/node_modules/@vitest/runner/dist/chunk-hooks.js:1729:8)"],"meta":{}},{"ancestorTitles":["Test Utils"],"fullName":"Test Utils should work with test data factory","status":"passed","title":"should work with test data factory","duration":0.9098999999996522,"failureMessages":[],"meta":{}},{"ancestorTitles":["Test Environment"],"fullName":"Test Environment should have jsdom environment","status":"passed","title":"should have jsdom environment","duration":0.6818999999995867,"failureMessages":[],"meta":{}},{"ancestorTitles":["Test Environment"],"fullName":"Test Environment should have mocked window.matchMedia","status":"passed","title":"should have mocked window.matchMedia","duration":1.6302999999998065,"failureMessages":[],"meta":{}},{"ancestorTitles":["Test Environment"],"fullName":"Test Environment should have mocked ResizeObserver","status":"passed","title":"should have mocked ResizeObserver","duration":0.9363000000003012,"failureMessages":[],"meta":{}},{"ancestorTitles":["Test Environment"],"fullName":"Test Environment should suppress console warnings in tests","status":"failed","title":"should suppress console warnings in tests","duration":6.644800000000032,"failureMessages":["AssertionError: expected \"spy\" to not be called at all, but actually been called 1 times\u001b[90m\n\nReceived: \n\n\u001b[1m  1st spy call:\n\n\u001b[22m    Array [\n      \"Warning: React.createFactory\",\n    ]\n\u001b[39m\u001b[90m\n\nNumber of calls: \u001b[1m1\u001b[22m\n\u001b[39m\n    at Proxy.<anonymous> (file:///D:/webWork/my_self/tanner-start/node_modules/@vitest/expect/dist/index.js:1335:10)\n    at Proxy.<anonymous> (file:///D:/webWork/my_self/tanner-start/node_modules/@vitest/expect/dist/index.js:1029:14)\n    at Proxy.methodWrapper (file:///D:/webWork/my_self/tanner-start/node_modules/chai/index.js:1686:25)\n    at D:\\webWork\\my_self\\tanner-start\\src\\test\\example.test.ts:119:25\n    at file:///D:/webWork/my_self/tanner-start/node_modules/@vitest/runner/dist/chunk-hooks.js:155:11\n    at file:///D:/webWork/my_self/tanner-start/node_modules/@vitest/runner/dist/chunk-hooks.js:752:26\n    at file:///D:/webWork/my_self/tanner-start/node_modules/@vitest/runner/dist/chunk-hooks.js:1897:20\n    at new Promise (<anonymous>)\n    at runWithTimeout (file:///D:/webWork/my_self/tanner-start/node_modules/@vitest/runner/dist/chunk-hooks.js:1863:10)\n    at runTest (file:///D:/webWork/my_self/tanner-start/node_modules/@vitest/runner/dist/chunk-hooks.js:1574:12)"],"meta":{}},{"ancestorTitles":["TypeScript Integration"],"fullName":"TypeScript Integration should work with TypeScript types","status":"passed","title":"should work with TypeScript types","duration":0.7010000000000218,"failureMessages":[],"meta":{}},{"ancestorTitles":["TypeScript Integration"],"fullName":"TypeScript Integration should infer types correctly","status":"passed","title":"should infer types correctly","duration":1.687699999999495,"failureMessages":[],"meta":{}},{"ancestorTitles":["TypeScript Integration"],"fullName":"TypeScript Integration should work with generics","status":"passed","title":"should work with generics","duration":0.42479999999977736,"failureMessages":[],"meta":{}},{"ancestorTitles":["Module Mocking"],"fullName":"Module Mocking should mock modules with vi.mock","status":"passed","title":"should mock modules with vi.mock","duration":2.8064000000003944,"failureMessages":[],"meta":{}},{"ancestorTitles":["Module Mocking"],"fullName":"Module Mocking should spy on functions","status":"passed","title":"should spy on functions","duration":3.4849999999996726,"failureMessages":[],"meta":{}},{"ancestorTitles":["Module Mocking"],"fullName":"Module Mocking should mock implementations","status":"passed","title":"should mock implementations","duration":0.8985000000002401,"failureMessages":[],"meta":{}}],"startTime":1760637734079,"endTime":1760637734127.8984,"status":"failed","message":"","name":"D:/webWork/my_self/tanner-start/src/test/example.test.ts"},{"assertionResults":[{"ancestorTitles":["i18n utils","saveLocale"],"fullName":"i18n utils saveLocale should save locale to localStorage","status":"passed","title":"should save locale to localStorage","duration":5.836099999999533,"failureMessages":[],"meta":{}},{"ancestorTitles":["i18n utils","saveLocale"],"fullName":"i18n utils saveLocale should save ru locale to localStorage","status":"passed","title":"should save ru locale to localStorage","duration":1.3170000000000073,"failureMessages":[],"meta":{}},{"ancestorTitles":["i18n utils","getSavedLocale"],"fullName":"i18n utils getSavedLocale should return saved locale from localStorage","status":"passed","title":"should return saved locale from localStorage","duration":1.1374000000005253,"failureMessages":[],"meta":{}},{"ancestorTitles":["i18n utils","getSavedLocale"],"fullName":"i18n utils getSavedLocale should return null if no locale is saved","status":"passed","title":"should return null if no locale is saved","duration":0.8344999999999345,"failureMessages":[],"meta":{}},{"ancestorTitles":["i18n utils","getSavedLocale"],"fullName":"i18n utils getSavedLocale should return null if saved locale is invalid","status":"passed","title":"should return null if saved locale is invalid","duration":0.7028000000000247,"failureMessages":[],"meta":{}},{"ancestorTitles":["i18n utils","getSavedLocale"],"fullName":"i18n utils getSavedLocale should return ru locale from localStorage","status":"passed","title":"should return ru locale from localStorage","duration":0.7146999999995387,"failureMessages":[],"meta":{}},{"ancestorTitles":["i18n utils","isValidLocale"],"fullName":"i18n utils isValidLocale should return true for valid ru locale","status":"passed","title":"should return true for valid ru locale","duration":0.7065999999995256,"failureMessages":[],"meta":{}},{"ancestorTitles":["i18n utils","isValidLocale"],"fullName":"i18n utils isValidLocale should return true for valid en locale","status":"passed","title":"should return true for valid en locale","duration":0.7211999999999534,"failureMessages":[],"meta":{}},{"ancestorTitles":["i18n utils","isValidLocale"],"fullName":"i18n utils isValidLocale should return false for invalid locale","status":"passed","title":"should return false for invalid locale","duration":1.2484000000004016,"failureMessages":[],"meta":{}},{"ancestorTitles":["i18n utils","isValidLocale"],"fullName":"i18n utils isValidLocale should return false for empty string","status":"passed","title":"should return false for empty string","duration":0.7224000000005617,"failureMessages":[],"meta":{}},{"ancestorTitles":["i18n utils","isValidLocale"],"fullName":"i18n utils isValidLocale should return false for random string","status":"passed","title":"should return false for random string","duration":0.5457999999998719,"failureMessages":[],"meta":{}},{"ancestorTitles":["i18n utils","getBrowserLocale"],"fullName":"i18n utils getBrowserLocale should return browser locale if it is supported","status":"passed","title":"should return browser locale if it is supported","duration":0.6793999999999869,"failureMessages":[],"meta":{}},{"ancestorTitles":["i18n utils","getBrowserLocale"],"fullName":"i18n utils getBrowserLocale should return default locale if browser locale is not supported","status":"passed","title":"should return default locale if browser locale is not supported","duration":0.5630999999993946,"failureMessages":[],"meta":{}},{"ancestorTitles":["i18n utils","getBrowserLocale"],"fullName":"i18n utils getBrowserLocale should handle browser locale without region code","status":"passed","title":"should handle browser locale without region code","duration":0.495600000000195,"failureMessages":[],"meta":{}},{"ancestorTitles":["i18n utils","detectLocale"],"fullName":"i18n utils detectLocale should return saved locale if available","status":"passed","title":"should return saved locale if available","duration":0.5657000000001062,"failureMessages":[],"meta":{}},{"ancestorTitles":["i18n utils","detectLocale"],"fullName":"i18n utils detectLocale should return browser locale if no saved locale","status":"passed","title":"should return browser locale if no saved locale","duration":0.452900000000227,"failureMessages":[],"meta":{}},{"ancestorTitles":["i18n utils","detectLocale"],"fullName":"i18n utils detectLocale should return default locale if no saved locale and browser locale is not supported","status":"passed","title":"should return default locale if no saved locale and browser locale is not supported","duration":0.42190000000027794,"failureMessages":[],"meta":{}},{"ancestorTitles":["i18n utils","detectLocale"],"fullName":"i18n utils detectLocale should prioritize localStorage over browser settings","status":"passed","title":"should prioritize localStorage over browser settings","duration":0.46740000000045256,"failureMessages":[],"meta":{}}],"startTime":1760637734351,"endTime":1760637734372.4673,"status":"passed","message":"","name":"D:/webWork/my_self/tanner-start/src/i18n/__tests__/utils.test.ts"},{"assertionResults":[{"ancestorTitles":["useAuth","Initial State"],"fullName":"useAuth Initial State should return initial unauthenticated state","status":"failed","title":"should return initial unauthenticated state","duration":29.42910000000029,"failureMessages":["Error: Cannot find module '@/stores/authStore'\nRequire stack:\n- D:\\webWork\\my_self\\tanner-start\\src\\hooks\\__tests__\\useAuth.test.tsx\n    at Function._resolveFilename (node:internal/modules/cjs/loader:1249:15)\n    at Function._load (node:internal/modules/cjs/loader:1075:27)\n    at TracingChannel.traceSync (node:diagnostics_channel:322:14)\n    at wrapModuleLoad (node:internal/modules/cjs/loader:219:24)\n    at Module.require (node:internal/modules/cjs/loader:1340:12)\n    at require (node:internal/modules/helpers:138:16)\n    at D:\\webWork\\my_self\\tanner-start\\src\\hooks\\__tests__\\useAuth.test.tsx:58:17\n    at file:///D:/webWork/my_self/tanner-start/node_modules/@vitest/runner/dist/chunk-hooks.js:155:11\n    at file:///D:/webWork/my_self/tanner-start/node_modules/@vitest/runner/dist/chunk-hooks.js:752:26\n    at file:///D:/webWork/my_self/tanner-start/node_modules/@vitest/runner/dist/chunk-hooks.js:1897:20"],"meta":{}},{"ancestorTitles":["useAuth","Initial State"],"fullName":"useAuth Initial State should return authenticated state when user is logged in","status":"failed","title":"should return authenticated state when user is logged in","duration":4.524300000000039,"failureMessages":["Error: Cannot find module '@/stores/authStore'\nRequire stack:\n- D:\\webWork\\my_self\\tanner-start\\src\\hooks\\__tests__\\useAuth.test.tsx\n    at Function._resolveFilename (node:internal/modules/cjs/loader:1249:15)\n    at Function._load (node:internal/modules/cjs/loader:1075:27)\n    at TracingChannel.traceSync (node:diagnostics_channel:322:14)\n    at wrapModuleLoad (node:internal/modules/cjs/loader:219:24)\n    at Module.require (node:internal/modules/cjs/loader:1340:12)\n    at require (node:internal/modules/helpers:138:16)\n    at D:\\webWork\\my_self\\tanner-start\\src\\hooks\\__tests__\\useAuth.test.tsx:106:17\n    at file:///D:/webWork/my_self/tanner-start/node_modules/@vitest/runner/dist/chunk-hooks.js:155:11\n    at file:///D:/webWork/my_self/tanner-start/node_modules/@vitest/runner/dist/chunk-hooks.js:752:26\n    at file:///D:/webWork/my_self/tanner-start/node_modules/@vitest/runner/dist/chunk-hooks.js:1897:20"],"meta":{}},{"ancestorTitles":["useAuth","Loading States"],"fullName":"useAuth Loading States should combine loading states from store and mutations","status":"failed","title":"should combine loading states from store and mutations","duration":4.923800000000483,"failureMessages":["Error: Cannot find module '@/stores/authStore'\nRequire stack:\n- D:\\webWork\\my_self\\tanner-start\\src\\hooks\\__tests__\\useAuth.test.tsx\n    at Function._resolveFilename (node:internal/modules/cjs/loader:1249:15)\n    at Function._load (node:internal/modules/cjs/loader:1075:27)\n    at TracingChannel.traceSync (node:diagnostics_channel:322:14)\n    at wrapModuleLoad (node:internal/modules/cjs/loader:219:24)\n    at Module.require (node:internal/modules/cjs/loader:1340:12)\n    at require (node:internal/modules/helpers:138:16)\n    at D:\\webWork\\my_self\\tanner-start\\src\\hooks\\__tests__\\useAuth.test.tsx:144:17\n    at file:///D:/webWork/my_self/tanner-start/node_modules/@vitest/runner/dist/chunk-hooks.js:155:11\n    at file:///D:/webWork/my_self/tanner-start/node_modules/@vitest/runner/dist/chunk-hooks.js:752:26\n    at file:///D:/webWork/my_self/tanner-start/node_modules/@vitest/runner/dist/chunk-hooks.js:1897:20"],"meta":{}},{"ancestorTitles":["useAuth","Loading States"],"fullName":"useAuth Loading States should show loading when login mutation is pending","status":"failed","title":"should show loading when login mutation is pending","duration":4.8016999999999825,"failureMessages":["Error: Cannot find module '@/stores/authStore'\nRequire stack:\n- D:\\webWork\\my_self\\tanner-start\\src\\hooks\\__tests__\\useAuth.test.tsx\n    at Function._resolveFilename (node:internal/modules/cjs/loader:1249:15)\n    at Function._load (node:internal/modules/cjs/loader:1075:27)\n    at TracingChannel.traceSync (node:diagnostics_channel:322:14)\n    at wrapModuleLoad (node:internal/modules/cjs/loader:219:24)\n    at Module.require (node:internal/modules/cjs/loader:1340:12)\n    at require (node:internal/modules/helpers:138:16)\n    at D:\\webWork\\my_self\\tanner-start\\src\\hooks\\__tests__\\useAuth.test.tsx:178:17\n    at file:///D:/webWork/my_self/tanner-start/node_modules/@vitest/runner/dist/chunk-hooks.js:155:11\n    at file:///D:/webWork/my_self/tanner-start/node_modules/@vitest/runner/dist/chunk-hooks.js:752:26\n    at file:///D:/webWork/my_self/tanner-start/node_modules/@vitest/runner/dist/chunk-hooks.js:1897:20"],"meta":{}},{"ancestorTitles":["useAuth","Error Handling"],"fullName":"useAuth Error Handling should combine errors from different sources","status":"failed","title":"should combine errors from different sources","duration":4.022299999999632,"failureMessages":["Error: Cannot find module '@/stores/authStore'\nRequire stack:\n- D:\\webWork\\my_self\\tanner-start\\src\\hooks\\__tests__\\useAuth.test.tsx\n    at Function._resolveFilename (node:internal/modules/cjs/loader:1249:15)\n    at Function._load (node:internal/modules/cjs/loader:1075:27)\n    at TracingChannel.traceSync (node:diagnostics_channel:322:14)\n    at wrapModuleLoad (node:internal/modules/cjs/loader:219:24)\n    at Module.require (node:internal/modules/cjs/loader:1340:12)\n    at require (node:internal/modules/helpers:138:16)\n    at D:\\webWork\\my_self\\tanner-start\\src\\hooks\\__tests__\\useAuth.test.tsx:214:17\n    at file:///D:/webWork/my_self/tanner-start/node_modules/@vitest/runner/dist/chunk-hooks.js:155:11\n    at file:///D:/webWork/my_self/tanner-start/node_modules/@vitest/runner/dist/chunk-hooks.js:752:26\n    at file:///D:/webWork/my_self/tanner-start/node_modules/@vitest/runner/dist/chunk-hooks.js:1897:20"],"meta":{}},{"ancestorTitles":["useAuth","Error Handling"],"fullName":"useAuth Error Handling should show login error when store error is null","status":"failed","title":"should show login error when store error is null","duration":4.011199999999917,"failureMessages":["Error: Cannot find module '@/stores/authStore'\nRequire stack:\n- D:\\webWork\\my_self\\tanner-start\\src\\hooks\\__tests__\\useAuth.test.tsx\n    at Function._resolveFilename (node:internal/modules/cjs/loader:1249:15)\n    at Function._load (node:internal/modules/cjs/loader:1075:27)\n    at TracingChannel.traceSync (node:diagnostics_channel:322:14)\n    at wrapModuleLoad (node:internal/modules/cjs/loader:219:24)\n    at Module.require (node:internal/modules/cjs/loader:1340:12)\n    at require (node:internal/modules/helpers:138:16)\n    at D:\\webWork\\my_self\\tanner-start\\src\\hooks\\__tests__\\useAuth.test.tsx:249:17\n    at file:///D:/webWork/my_self/tanner-start/node_modules/@vitest/runner/dist/chunk-hooks.js:155:11\n    at file:///D:/webWork/my_self/tanner-start/node_modules/@vitest/runner/dist/chunk-hooks.js:752:26\n    at file:///D:/webWork/my_self/tanner-start/node_modules/@vitest/runner/dist/chunk-hooks.js:1897:20"],"meta":{}},{"ancestorTitles":["useAuth","Authentication Actions"],"fullName":"useAuth Authentication Actions should call login mutation when signIn is called","status":"failed","title":"should call login mutation when signIn is called","duration":5.451100000000224,"failureMessages":["Error: Cannot find module '@/stores/authStore'\nRequire stack:\n- D:\\webWork\\my_self\\tanner-start\\src\\hooks\\__tests__\\useAuth.test.tsx\n    at Function._resolveFilename (node:internal/modules/cjs/loader:1249:15)\n    at Function._load (node:internal/modules/cjs/loader:1075:27)\n    at TracingChannel.traceSync (node:diagnostics_channel:322:14)\n    at wrapModuleLoad (node:internal/modules/cjs/loader:219:24)\n    at Module.require (node:internal/modules/cjs/loader:1340:12)\n    at require (node:internal/modules/helpers:138:16)\n    at D:\\webWork\\my_self\\tanner-start\\src\\hooks\\__tests__\\useAuth.test.tsx:288:17\n    at file:///D:/webWork/my_self/tanner-start/node_modules/@vitest/runner/dist/chunk-hooks.js:155:11\n    at file:///D:/webWork/my_self/tanner-start/node_modules/@vitest/runner/dist/chunk-hooks.js:752:26\n    at file:///D:/webWork/my_self/tanner-start/node_modules/@vitest/runner/dist/chunk-hooks.js:1897:20"],"meta":{}},{"ancestorTitles":["useAuth","Authentication Actions"],"fullName":"useAuth Authentication Actions should call logout mutation when signOut is called","status":"failed","title":"should call logout mutation when signOut is called","duration":4.1159999999999854,"failureMessages":["Error: Cannot find module '@/stores/authStore'\nRequire stack:\n- D:\\webWork\\my_self\\tanner-start\\src\\hooks\\__tests__\\useAuth.test.tsx\n    at Function._resolveFilename (node:internal/modules/cjs/loader:1249:15)\n    at Function._load (node:internal/modules/cjs/loader:1075:27)\n    at TracingChannel.traceSync (node:diagnostics_channel:322:14)\n    at wrapModuleLoad (node:internal/modules/cjs/loader:219:24)\n    at Module.require (node:internal/modules/cjs/loader:1340:12)\n    at require (node:internal/modules/helpers:138:16)\n    at D:\\webWork\\my_self\\tanner-start\\src\\hooks\\__tests__\\useAuth.test.tsx:333:17\n    at file:///D:/webWork/my_self/tanner-start/node_modules/@vitest/runner/dist/chunk-hooks.js:155:11\n    at file:///D:/webWork/my_self/tanner-start/node_modules/@vitest/runner/dist/chunk-hooks.js:752:26\n    at file:///D:/webWork/my_self/tanner-start/node_modules/@vitest/runner/dist/chunk-hooks.js:1897:20"],"meta":{}},{"ancestorTitles":["useAuth","Role-based Access Control"],"fullName":"useAuth Role-based Access Control should check user role correctly","status":"failed","title":"should check user role correctly","duration":4.005600000000413,"failureMessages":["Error: Cannot find module '@/stores/authStore'\nRequire stack:\n- D:\\webWork\\my_self\\tanner-start\\src\\hooks\\__tests__\\useAuth.test.tsx\n    at Function._resolveFilename (node:internal/modules/cjs/loader:1249:15)\n    at Function._load (node:internal/modules/cjs/loader:1075:27)\n    at TracingChannel.traceSync (node:diagnostics_channel:322:14)\n    at wrapModuleLoad (node:internal/modules/cjs/loader:219:24)\n    at Module.require (node:internal/modules/cjs/loader:1340:12)\n    at require (node:internal/modules/helpers:138:16)\n    at D:\\webWork\\my_self\\tanner-start\\src\\hooks\\__tests__\\useAuth.test.tsx:384:17\n    at file:///D:/webWork/my_self/tanner-start/node_modules/@vitest/runner/dist/chunk-hooks.js:155:11\n    at file:///D:/webWork/my_self/tanner-start/node_modules/@vitest/runner/dist/chunk-hooks.js:1897:20\n    at new Promise (<anonymous>)"],"meta":{}},{"ancestorTitles":["useAuth","Role-based Access Control"],"fullName":"useAuth Role-based Access Control should check access permissions correctly","status":"failed","title":"should check access permissions correctly","duration":3.2785000000003492,"failureMessages":["Error: Cannot find module '@/stores/authStore'\nRequire stack:\n- D:\\webWork\\my_self\\tanner-start\\src\\hooks\\__tests__\\useAuth.test.tsx\n    at Function._resolveFilename (node:internal/modules/cjs/loader:1249:15)\n    at Function._load (node:internal/modules/cjs/loader:1075:27)\n    at TracingChannel.traceSync (node:diagnostics_channel:322:14)\n    at wrapModuleLoad (node:internal/modules/cjs/loader:219:24)\n    at Module.require (node:internal/modules/cjs/loader:1340:12)\n    at require (node:internal/modules/helpers:138:16)\n    at D:\\webWork\\my_self\\tanner-start\\src\\hooks\\__tests__\\useAuth.test.tsx:384:17\n    at file:///D:/webWork/my_self/tanner-start/node_modules/@vitest/runner/dist/chunk-hooks.js:155:11\n    at file:///D:/webWork/my_self/tanner-start/node_modules/@vitest/runner/dist/chunk-hooks.js:1897:20\n    at new Promise (<anonymous>)"],"meta":{}},{"ancestorTitles":["useAuth","Role-based Access Control"],"fullName":"useAuth Role-based Access Control should handle admin role hierarchy","status":"failed","title":"should handle admin role hierarchy","duration":4.6182000000007974,"failureMessages":["Error: Cannot find module '@/stores/authStore'\nRequire stack:\n- D:\\webWork\\my_self\\tanner-start\\src\\hooks\\__tests__\\useAuth.test.tsx\n    at Function._resolveFilename (node:internal/modules/cjs/loader:1249:15)\n    at Function._load (node:internal/modules/cjs/loader:1075:27)\n    at TracingChannel.traceSync (node:diagnostics_channel:322:14)\n    at wrapModuleLoad (node:internal/modules/cjs/loader:219:24)\n    at Module.require (node:internal/modules/cjs/loader:1340:12)\n    at require (node:internal/modules/helpers:138:16)\n    at D:\\webWork\\my_self\\tanner-start\\src\\hooks\\__tests__\\useAuth.test.tsx:384:17\n    at file:///D:/webWork/my_self/tanner-start/node_modules/@vitest/runner/dist/chunk-hooks.js:155:11\n    at file:///D:/webWork/my_self/tanner-start/node_modules/@vitest/runner/dist/chunk-hooks.js:1897:20\n    at new Promise (<anonymous>)"],"meta":{}},{"ancestorTitles":["useAuth","Role-based Access Control"],"fullName":"useAuth Role-based Access Control should handle moderator role hierarchy","status":"failed","title":"should handle moderator role hierarchy","duration":2.490600000000086,"failureMessages":["Error: Cannot find module '@/stores/authStore'\nRequire stack:\n- D:\\webWork\\my_self\\tanner-start\\src\\hooks\\__tests__\\useAuth.test.tsx\n    at Function._resolveFilename (node:internal/modules/cjs/loader:1249:15)\n    at Function._load (node:internal/modules/cjs/loader:1075:27)\n    at TracingChannel.traceSync (node:diagnostics_channel:322:14)\n    at wrapModuleLoad (node:internal/modules/cjs/loader:219:24)\n    at Module.require (node:internal/modules/cjs/loader:1340:12)\n    at require (node:internal/modules/helpers:138:16)\n    at D:\\webWork\\my_self\\tanner-start\\src\\hooks\\__tests__\\useAuth.test.tsx:384:17\n    at file:///D:/webWork/my_self/tanner-start/node_modules/@vitest/runner/dist/chunk-hooks.js:155:11\n    at file:///D:/webWork/my_self/tanner-start/node_modules/@vitest/runner/dist/chunk-hooks.js:1897:20\n    at new Promise (<anonymous>)"],"meta":{}},{"ancestorTitles":["useAuth","Backward Compatibility"],"fullName":"useAuth Backward Compatibility should provide backward compatible login/logout methods","status":"failed","title":"should provide backward compatible login/logout methods","duration":3.150499999999738,"failureMessages":["Error: Cannot find module '@/stores/authStore'\nRequire stack:\n- D:\\webWork\\my_self\\tanner-start\\src\\hooks\\__tests__\\useAuth.test.tsx\n    at Function._resolveFilename (node:internal/modules/cjs/loader:1249:15)\n    at Function._load (node:internal/modules/cjs/loader:1075:27)\n    at TracingChannel.traceSync (node:diagnostics_channel:322:14)\n    at wrapModuleLoad (node:internal/modules/cjs/loader:219:24)\n    at Module.require (node:internal/modules/cjs/loader:1340:12)\n    at require (node:internal/modules/helpers:138:16)\n    at D:\\webWork\\my_self\\tanner-start\\src\\hooks\\__tests__\\useAuth.test.tsx:483:17\n    at file:///D:/webWork/my_self/tanner-start/node_modules/@vitest/runner/dist/chunk-hooks.js:155:11\n    at file:///D:/webWork/my_self/tanner-start/node_modules/@vitest/runner/dist/chunk-hooks.js:752:26\n    at file:///D:/webWork/my_self/tanner-start/node_modules/@vitest/runner/dist/chunk-hooks.js:1897:20"],"meta":{}},{"ancestorTitles":["useAuth","Profile Data Integration"],"fullName":"useAuth Profile Data Integration should provide profile data from server","status":"failed","title":"should provide profile data from server","duration":3.309200000000601,"failureMessages":["Error: Cannot find module '@/stores/authStore'\nRequire stack:\n- D:\\webWork\\my_self\\tanner-start\\src\\hooks\\__tests__\\useAuth.test.tsx\n    at Function._resolveFilename (node:internal/modules/cjs/loader:1249:15)\n    at Function._load (node:internal/modules/cjs/loader:1075:27)\n    at TracingChannel.traceSync (node:diagnostics_channel:322:14)\n    at wrapModuleLoad (node:internal/modules/cjs/loader:219:24)\n    at Module.require (node:internal/modules/cjs/loader:1340:12)\n    at require (node:internal/modules/helpers:138:16)\n    at D:\\webWork\\my_self\\tanner-start\\src\\hooks\\__tests__\\useAuth.test.tsx:552:17\n    at file:///D:/webWork/my_self/tanner-start/node_modules/@vitest/runner/dist/chunk-hooks.js:155:11\n    at file:///D:/webWork/my_self/tanner-start/node_modules/@vitest/runner/dist/chunk-hooks.js:752:26\n    at file:///D:/webWork/my_self/tanner-start/node_modules/@vitest/runner/dist/chunk-hooks.js:1897:20"],"meta":{}}],"startTime":1760637734569,"endTime":1760637734654.309,"status":"failed","message":"","name":"D:/webWork/my_self/tanner-start/src/hooks/__tests__/useAuth.test.tsx"},{"assertionResults":[{"ancestorTitles":["useForm"],"fullName":"useForm should initialize with default values","status":"passed","title":"should initialize with default values","duration":40.18799999999919,"failureMessages":[],"meta":{}},{"ancestorTitles":["useForm"],"fullName":"useForm should handle form submission","status":"passed","title":"should handle form submission","duration":16.23370000000068,"failureMessages":[],"meta":{}},{"ancestorTitles":["useForm"],"fullName":"useForm should handle submission errors","status":"passed","title":"should handle submission errors","duration":41.71779999999944,"failureMessages":[],"meta":{}},{"ancestorTitles":["useForm"],"fullName":"useForm should set loading state during submission","status":"passed","title":"should set loading state during submission","duration":163.72330000000056,"failureMessages":[],"meta":{}},{"ancestorTitles":["useForm"],"fullName":"useForm should clear submit error","status":"passed","title":"should clear submit error","duration":8.910100000000057,"failureMessages":[],"meta":{}},{"ancestorTitles":["useMultiStepForm"],"fullName":"useMultiStepForm should initialize with first step","status":"passed","title":"should initialize with first step","duration":6.826099999999315,"failureMessages":[],"meta":{}},{"ancestorTitles":["useMultiStepForm"],"fullName":"useMultiStepForm should navigate between steps","status":"passed","title":"should navigate between steps","duration":8.324599999999919,"failureMessages":[],"meta":{}},{"ancestorTitles":["useMultiStepForm"],"fullName":"useMultiStepForm should track completed steps","status":"passed","title":"should track completed steps","duration":6.018100000000231,"failureMessages":[],"meta":{}},{"ancestorTitles":["useMultiStepForm"],"fullName":"useMultiStepForm should calculate progress correctly","status":"passed","title":"should calculate progress correctly","duration":10.038300000000163,"failureMessages":[],"meta":{}},{"ancestorTitles":["useMultiStepForm"],"fullName":"useMultiStepForm should go to specific step","status":"passed","title":"should go to specific step","duration":6.3630999999995765,"failureMessages":[],"meta":{}},{"ancestorTitles":["useMultiStepForm"],"fullName":"useMultiStepForm should not go beyond step bounds","status":"passed","title":"should not go beyond step bounds","duration":4.380699999999706,"failureMessages":[],"meta":{}},{"ancestorTitles":["formUtils","createDebouncedHandler"],"fullName":"formUtils createDebouncedHandler should debounce function calls","status":"passed","title":"should debounce function calls","duration":164.21860000000015,"failureMessages":[],"meta":{}},{"ancestorTitles":["formUtils","hasChanges"],"fullName":"formUtils hasChanges should detect changes in form data","status":"passed","title":"should detect changes in form data","duration":0.6328000000003158,"failureMessages":[],"meta":{}},{"ancestorTitles":["formUtils","hasChanges"],"fullName":"formUtils hasChanges should return false when no changes","status":"passed","title":"should return false when no changes","duration":0.8157000000001062,"failureMessages":[],"meta":{}},{"ancestorTitles":["formUtils","setApiErrors"],"fullName":"formUtils setApiErrors should set API errors on form","status":"passed","title":"should set API errors on form","duration":2.5243000000000393,"failureMessages":[],"meta":{}},{"ancestorTitles":["formUtils","clearAllErrors"],"fullName":"formUtils clearAllErrors should clear all form errors","status":"passed","title":"should clear all form errors","duration":1.0338999999994485,"failureMessages":[],"meta":{}},{"ancestorTitles":["formUtils","resetToInitial"],"fullName":"formUtils resetToInitial should reset form to initial values","status":"passed","title":"should reset form to initial values","duration":0.9546000000000276,"failureMessages":[],"meta":{}},{"ancestorTitles":["Form Integration"],"fullName":"Form Integration should work with real form workflow","status":"passed","title":"should work with real form workflow","duration":8.287800000000061,"failureMessages":[],"meta":{}},{"ancestorTitles":["Form Integration"],"fullName":"Form Integration should handle complex multi-step workflow","status":"passed","title":"should handle complex multi-step workflow","duration":8.39260000000013,"failureMessages":[],"meta":{}}],"startTime":1760637734300,"endTime":1760637734802.3926,"status":"passed","message":"","name":"D:/webWork/my_self/tanner-start/src/hooks/__tests__/useForm.test.ts"},{"assertionResults":[{"ancestorTitles":["API Client","apiErrorUtils"],"fullName":"API Client apiErrorUtils should identify API errors correctly","status":"passed","title":"should identify API errors correctly","duration":3.7345000000000255,"failureMessages":[],"meta":{}},{"ancestorTitles":["API Client","apiErrorUtils"],"fullName":"API Client apiErrorUtils should get error message from API error","status":"passed","title":"should get error message from API error","duration":0.637199999999666,"failureMessages":[],"meta":{}},{"ancestorTitles":["API Client","apiErrorUtils"],"fullName":"API Client apiErrorUtils should get error message from regular error","status":"passed","title":"should get error message from regular error","duration":0.6136999999998807,"failureMessages":[],"meta":{}},{"ancestorTitles":["API Client","apiErrorUtils"],"fullName":"API Client apiErrorUtils should identify client errors (4xx)","status":"passed","title":"should identify client errors (4xx)","duration":0.6228000000000975,"failureMessages":[],"meta":{}},{"ancestorTitles":["API Client","apiErrorUtils"],"fullName":"API Client apiErrorUtils should identify server errors (5xx)","status":"passed","title":"should identify server errors (5xx)","duration":0.6136000000001332,"failureMessages":[],"meta":{}},{"ancestorTitles":["API Client","apiErrorUtils"],"fullName":"API Client apiErrorUtils should format user-friendly error messages","status":"passed","title":"should format user-friendly error messages","duration":1.1398999999996704,"failureMessages":[],"meta":{}},{"ancestorTitles":["API Client","apiErrorUtils"],"fullName":"API Client apiErrorUtils should identify network errors","status":"passed","title":"should identify network errors","duration":0.4535000000000764,"failureMessages":[],"meta":{}}],"startTime":1760637738144,"endTime":1760637738152.4536,"status":"passed","message":"","name":"D:/webWork/my_self/tanner-start/src/lib/__tests__/api.test.ts"},{"assertionResults":[{"ancestorTitles":["Validation Schemas","emailSchema"],"fullName":"Validation Schemas emailSchema should validate correct email addresses","status":"passed","title":"should validate correct email addresses","duration":6.973500000000058,"failureMessages":[],"meta":{}},{"ancestorTitles":["Validation Schemas","emailSchema"],"fullName":"Validation Schemas emailSchema should reject invalid email addresses","status":"passed","title":"should reject invalid email addresses","duration":3.9593999999997322,"failureMessages":[],"meta":{}},{"ancestorTitles":["Validation Schemas","passwordSchema"],"fullName":"Validation Schemas passwordSchema should validate strong passwords","status":"passed","title":"should validate strong passwords","duration":1.3777000000000044,"failureMessages":[],"meta":{}},{"ancestorTitles":["Validation Schemas","passwordSchema"],"fullName":"Validation Schemas passwordSchema should reject weak passwords","status":"passed","title":"should reject weak passwords","duration":2.5205000000005384,"failureMessages":[],"meta":{}},{"ancestorTitles":["Validation Schemas","nameSchema"],"fullName":"Validation Schemas nameSchema should validate correct names","status":"passed","title":"should validate correct names","duration":1.280399999999645,"failureMessages":[],"meta":{}},{"ancestorTitles":["Validation Schemas","nameSchema"],"fullName":"Validation Schemas nameSchema should reject invalid names","status":"passed","title":"should reject invalid names","duration":1.5172999999995227,"failureMessages":[],"meta":{}},{"ancestorTitles":["Validation Schemas","loginSchema"],"fullName":"Validation Schemas loginSchema should validate correct login credentials","status":"passed","title":"should validate correct login credentials","duration":1.8531000000002678,"failureMessages":[],"meta":{}},{"ancestorTitles":["Validation Schemas","loginSchema"],"fullName":"Validation Schemas loginSchema should reject invalid login credentials","status":"passed","title":"should reject invalid login credentials","duration":0.7919000000001688,"failureMessages":[],"meta":{}},{"ancestorTitles":["Validation Schemas","registerSchema"],"fullName":"Validation Schemas registerSchema should validate correct registration data","status":"passed","title":"should validate correct registration data","duration":1.389299999999821,"failureMessages":[],"meta":{}},{"ancestorTitles":["Validation Schemas","registerSchema"],"fullName":"Validation Schemas registerSchema should reject mismatched passwords","status":"passed","title":"should reject mismatched passwords","duration":0.7247999999999593,"failureMessages":[],"meta":{}},{"ancestorTitles":["Validation Schemas","registerSchema"],"fullName":"Validation Schemas registerSchema should reject weak passwords","status":"passed","title":"should reject weak passwords","duration":0.5960000000004584,"failureMessages":[],"meta":{}},{"ancestorTitles":["Validation Schemas","userSchema"],"fullName":"Validation Schemas userSchema should validate complete user object","status":"passed","title":"should validate complete user object","duration":2.2980999999999767,"failureMessages":[],"meta":{}},{"ancestorTitles":["Validation Schemas","userSchema"],"fullName":"Validation Schemas userSchema should accept optional avatar","status":"passed","title":"should accept optional avatar","duration":2.0614000000005035,"failureMessages":[],"meta":{}},{"ancestorTitles":["Validation Schemas","userSchema"],"fullName":"Validation Schemas userSchema should reject invalid role","status":"passed","title":"should reject invalid role","duration":1.018000000000029,"failureMessages":[],"meta":{}}],"startTime":1760637734281,"endTime":1760637734313.018,"status":"passed","message":"","name":"D:/webWork/my_self/tanner-start/src/lib/__tests__/schemas.test.ts"},{"assertionResults":[{"ancestorTitles":["Utils","cn (className utility)"],"fullName":"Utils cn (className utility) should merge class names correctly","status":"passed","title":"should merge class names correctly","duration":16.73349999999982,"failureMessages":[],"meta":{}},{"ancestorTitles":["Utils","cn (className utility)"],"fullName":"Utils cn (className utility) should handle conditional classes","status":"passed","title":"should handle conditional classes","duration":1.0471000000002277,"failureMessages":[],"meta":{}},{"ancestorTitles":["Utils","cn (className utility)"],"fullName":"Utils cn (className utility) should merge Tailwind classes correctly","status":"passed","title":"should merge Tailwind classes correctly","duration":2.2161000000000968,"failureMessages":[],"meta":{}},{"ancestorTitles":["Utils","cn (className utility)"],"fullName":"Utils cn (className utility) should handle undefined and null values","status":"passed","title":"should handle undefined and null values","duration":0.7128999999999905,"failureMessages":[],"meta":{}},{"ancestorTitles":["Utils","cn (className utility)"],"fullName":"Utils cn (className utility) should handle arrays of classes","status":"passed","title":"should handle arrays of classes","duration":0.49749999999994543,"failureMessages":[],"meta":{}},{"ancestorTitles":["Utils","cn (className utility)"],"fullName":"Utils cn (className utility) should handle objects with boolean values","status":"passed","title":"should handle objects with boolean values","duration":0.45420000000012806,"failureMessages":[],"meta":{}},{"ancestorTitles":["Utils","cn (className utility)"],"fullName":"Utils cn (className utility) should handle empty input","status":"passed","title":"should handle empty input","duration":0.5729999999998654,"failureMessages":[],"meta":{}},{"ancestorTitles":["Utils","cn (className utility)"],"fullName":"Utils cn (className utility) should handle complex combinations","status":"passed","title":"should handle complex combinations","duration":1.1309999999998581,"failureMessages":[],"meta":{}}],"startTime":1760637738024,"endTime":1760637738048.131,"status":"passed","message":"","name":"D:/webWork/my_self/tanner-start/src/lib/__tests__/utils.test.ts"},{"assertionResults":[{"ancestorTitles":["Validation Utils","validationUtils.validate"],"fullName":"Validation Utils validationUtils.validate should validate correct data","status":"passed","title":"should validate correct data","duration":11.22059999999965,"failureMessages":[],"meta":{}},{"ancestorTitles":["Validation Utils","validationUtils.validate"],"fullName":"Validation Utils validationUtils.validate should return errors for invalid data","status":"failed","title":"should return errors for invalid data","duration":27.372299999999996,"failureMessages":["AssertionError: expected [] to have a length of 3 but got +0\n    at Proxy.<anonymous> (file:///D:/webWork/my_self/tanner-start/node_modules/@vitest/expect/dist/index.js:1257:20)\n    at Proxy.<anonymous> (file:///D:/webWork/my_self/tanner-start/node_modules/@vitest/expect/dist/index.js:1029:14)\n    at Proxy.methodWrapper (file:///D:/webWork/my_self/tanner-start/node_modules/chai/index.js:1686:25)\n    at D:\\webWork\\my_self\\tanner-start\\src\\lib\\__tests__\\validation.test.ts:43:46\n    at file:///D:/webWork/my_self/tanner-start/node_modules/@vitest/runner/dist/chunk-hooks.js:155:11\n    at file:///D:/webWork/my_self/tanner-start/node_modules/@vitest/runner/dist/chunk-hooks.js:752:26\n    at file:///D:/webWork/my_self/tanner-start/node_modules/@vitest/runner/dist/chunk-hooks.js:1897:20\n    at new Promise (<anonymous>)\n    at runWithTimeout (file:///D:/webWork/my_self/tanner-start/node_modules/@vitest/runner/dist/chunk-hooks.js:1863:10)\n    at runTest (file:///D:/webWork/my_self/tanner-start/node_modules/@vitest/runner/dist/chunk-hooks.js:1574:12)"],"meta":{}},{"ancestorTitles":["Validation Utils","validationUtils.validate"],"fullName":"Validation Utils validationUtils.validate should handle partial data","status":"failed","title":"should handle partial data","duration":2.8216999999995096,"failureMessages":["AssertionError: expected 0 to be greater than 0\n    at D:\\webWork\\my_self\\tanner-start\\src\\lib\\__tests__\\validation.test.ts:57:53\n    at file:///D:/webWork/my_self/tanner-start/node_modules/@vitest/runner/dist/chunk-hooks.js:155:11\n    at file:///D:/webWork/my_self/tanner-start/node_modules/@vitest/runner/dist/chunk-hooks.js:752:26\n    at file:///D:/webWork/my_self/tanner-start/node_modules/@vitest/runner/dist/chunk-hooks.js:1897:20\n    at new Promise (<anonymous>)\n    at runWithTimeout (file:///D:/webWork/my_self/tanner-start/node_modules/@vitest/runner/dist/chunk-hooks.js:1863:10)\n    at runTest (file:///D:/webWork/my_self/tanner-start/node_modules/@vitest/runner/dist/chunk-hooks.js:1574:12)\n    at processTicksAndRejections (node:internal/process/task_queues:105:5)\n    at runSuite (file:///D:/webWork/my_self/tanner-start/node_modules/@vitest/runner/dist/chunk-hooks.js:1729:8)\n    at runSuite (file:///D:/webWork/my_self/tanner-start/node_modules/@vitest/runner/dist/chunk-hooks.js:1729:8)"],"meta":{}},{"ancestorTitles":["Validation Utils","validationUtils.validateAsync"],"fullName":"Validation Utils validationUtils.validateAsync should validate data asynchronously","status":"passed","title":"should validate data asynchronously","duration":1.4355999999997948,"failureMessages":[],"meta":{}},{"ancestorTitles":["Validation Utils","validationUtils.validateAsync"],"fullName":"Validation Utils validationUtils.validateAsync should handle async validation errors","status":"passed","title":"should handle async validation errors","duration":1.481999999999971,"failureMessages":[],"meta":{}},{"ancestorTitles":["Validation Utils","validationUtils.formatZodError"],"fullName":"Validation Utils validationUtils.formatZodError should format Zod errors correctly","status":"failed","title":"should format Zod errors correctly","duration":2.331699999999728,"failureMessages":["AssertionError: expected [] to have a length of 3 but got +0\n    at Proxy.<anonymous> (file:///D:/webWork/my_self/tanner-start/node_modules/@vitest/expect/dist/index.js:1257:20)\n    at Proxy.<anonymous> (file:///D:/webWork/my_self/tanner-start/node_modules/@vitest/expect/dist/index.js:1029:14)\n    at Proxy.methodWrapper (file:///D:/webWork/my_self/tanner-start/node_modules/chai/index.js:1686:25)\n    at D:\\webWork\\my_self\\tanner-start\\src\\lib\\__tests__\\validation.test.ts:107:34\n    at file:///D:/webWork/my_self/tanner-start/node_modules/@vitest/runner/dist/chunk-hooks.js:155:11\n    at file:///D:/webWork/my_self/tanner-start/node_modules/@vitest/runner/dist/chunk-hooks.js:752:26\n    at file:///D:/webWork/my_self/tanner-start/node_modules/@vitest/runner/dist/chunk-hooks.js:1897:20\n    at new Promise (<anonymous>)\n    at runWithTimeout (file:///D:/webWork/my_self/tanner-start/node_modules/@vitest/runner/dist/chunk-hooks.js:1863:10)\n    at runTest (file:///D:/webWork/my_self/tanner-start/node_modules/@vitest/runner/dist/chunk-hooks.js:1574:12)"],"meta":{}},{"ancestorTitles":["Validation Utils","validationUtils.getFirstError"],"fullName":"Validation Utils validationUtils.getFirstError should return first error message","status":"passed","title":"should return first error message","duration":0.818000000000211,"failureMessages":[],"meta":{}},{"ancestorTitles":["Validation Utils","validationUtils.getFieldErrors"],"fullName":"Validation Utils validationUtils.getFieldErrors should group errors by field","status":"failed","title":"should group errors by field","duration":2.6546000000007552,"failureMessages":["AssertionError: expected {} to have property \"name\"\n    at D:\\webWork\\my_self\\tanner-start\\src\\lib\\__tests__\\validation.test.ts:135:29\n    at file:///D:/webWork/my_self/tanner-start/node_modules/@vitest/runner/dist/chunk-hooks.js:155:11\n    at file:///D:/webWork/my_self/tanner-start/node_modules/@vitest/runner/dist/chunk-hooks.js:752:26\n    at file:///D:/webWork/my_self/tanner-start/node_modules/@vitest/runner/dist/chunk-hooks.js:1897:20\n    at new Promise (<anonymous>)\n    at runWithTimeout (file:///D:/webWork/my_self/tanner-start/node_modules/@vitest/runner/dist/chunk-hooks.js:1863:10)\n    at runTest (file:///D:/webWork/my_self/tanner-start/node_modules/@vitest/runner/dist/chunk-hooks.js:1574:12)\n    at processTicksAndRejections (node:internal/process/task_queues:105:5)\n    at runSuite (file:///D:/webWork/my_self/tanner-start/node_modules/@vitest/runner/dist/chunk-hooks.js:1729:8)\n    at runSuite (file:///D:/webWork/my_self/tanner-start/node_modules/@vitest/runner/dist/chunk-hooks.js:1729:8)"],"meta":{}},{"ancestorTitles":["Validation Utils","validationUtils.hasFieldError"],"fullName":"Validation Utils validationUtils.hasFieldError should check if field has error","status":"failed","title":"should check if field has error","duration":2.529199999999946,"failureMessages":["AssertionError: expected false to be true // Object.is equality\n    at D:\\webWork\\my_self\\tanner-start\\src\\lib\\__tests__\\validation.test.ts:149:74\n    at file:///D:/webWork/my_self/tanner-start/node_modules/@vitest/runner/dist/chunk-hooks.js:155:11\n    at file:///D:/webWork/my_self/tanner-start/node_modules/@vitest/runner/dist/chunk-hooks.js:752:26\n    at file:///D:/webWork/my_self/tanner-start/node_modules/@vitest/runner/dist/chunk-hooks.js:1897:20\n    at new Promise (<anonymous>)\n    at runWithTimeout (file:///D:/webWork/my_self/tanner-start/node_modules/@vitest/runner/dist/chunk-hooks.js:1863:10)\n    at runTest (file:///D:/webWork/my_self/tanner-start/node_modules/@vitest/runner/dist/chunk-hooks.js:1574:12)\n    at processTicksAndRejections (node:internal/process/task_queues:105:5)\n    at runSuite (file:///D:/webWork/my_self/tanner-start/node_modules/@vitest/runner/dist/chunk-hooks.js:1729:8)\n    at runSuite (file:///D:/webWork/my_self/tanner-start/node_modules/@vitest/runner/dist/chunk-hooks.js:1729:8)"],"meta":{}},{"ancestorTitles":["Form Validation Utils","formValidationUtils.validateField"],"fullName":"Form Validation Utils formValidationUtils.validateField should validate single field","status":"failed","title":"should validate single field","duration":5.0460000000002765,"failureMessages":["AssertionError: expected 'Ошибка валидации' to be 'Too short' // Object.is equality\n    at D:\\webWork\\my_self\\tanner-start\\src\\lib\\__tests__\\validation.test.ts:173:21\n    at file:///D:/webWork/my_self/tanner-start/node_modules/@vitest/runner/dist/chunk-hooks.js:155:11\n    at file:///D:/webWork/my_self/tanner-start/node_modules/@vitest/runner/dist/chunk-hooks.js:752:26\n    at file:///D:/webWork/my_self/tanner-start/node_modules/@vitest/runner/dist/chunk-hooks.js:1897:20\n    at new Promise (<anonymous>)\n    at runWithTimeout (file:///D:/webWork/my_self/tanner-start/node_modules/@vitest/runner/dist/chunk-hooks.js:1863:10)\n    at runTest (file:///D:/webWork/my_self/tanner-start/node_modules/@vitest/runner/dist/chunk-hooks.js:1574:12)\n    at processTicksAndRejections (node:internal/process/task_queues:105:5)\n    at runSuite (file:///D:/webWork/my_self/tanner-start/node_modules/@vitest/runner/dist/chunk-hooks.js:1729:8)\n    at runSuite (file:///D:/webWork/my_self/tanner-start/node_modules/@vitest/runner/dist/chunk-hooks.js:1729:8)"],"meta":{}},{"ancestorTitles":["Form Validation Utils","formValidationUtils.validateField"],"fullName":"Form Validation Utils formValidationUtils.validateField should return undefined for valid field","status":"passed","title":"should return undefined for valid field","duration":1.2987999999995736,"failureMessages":[],"meta":{}},{"ancestorTitles":["Form Validation Utils","formValidationUtils.createFieldSchema"],"fullName":"Form Validation Utils formValidationUtils.createFieldSchema should extract field schema from object schema","status":"passed","title":"should extract field schema from object schema","duration":1.3685999999997875,"failureMessages":[],"meta":{}},{"ancestorTitles":["API Validation Utils","apiValidationUtils.isValidationError"],"fullName":"API Validation Utils apiValidationUtils.isValidationError should identify validation errors","status":"passed","title":"should identify validation errors","duration":0.9735000000000582,"failureMessages":[],"meta":{}},{"ancestorTitles":["API Validation Utils","apiValidationUtils.extractValidationErrors"],"fullName":"API Validation Utils apiValidationUtils.extractValidationErrors should extract field errors from validation error","status":"passed","title":"should extract field errors from validation error","duration":0.8406000000004497,"failureMessages":[],"meta":{}},{"ancestorTitles":["API Validation Utils","apiValidationUtils.extractValidationErrors"],"fullName":"API Validation Utils apiValidationUtils.extractValidationErrors should return empty object for non-validation errors","status":"passed","title":"should return empty object for non-validation errors","duration":0.6446999999998297,"failureMessages":[],"meta":{}},{"ancestorTitles":["API Validation Utils","apiValidationUtils.createValidationError"],"fullName":"API Validation Utils apiValidationUtils.createValidationError should create validation error object","status":"passed","title":"should create validation error object","duration":2.2658999999994194,"failureMessages":[],"meta":{}},{"ancestorTitles":["Validation Integration"],"fullName":"Validation Integration should work with complex nested schemas","status":"passed","title":"should work with complex nested schemas","duration":10.502000000000407,"failureMessages":[],"meta":{}},{"ancestorTitles":["Validation Integration"],"fullName":"Validation Integration should handle validation with custom refinements","status":"failed","title":"should handle validation with custom refinements","duration":7.806800000000294,"failureMessages":["AssertionError: expected false to be true // Object.is equality\n    at D:\\webWork\\my_self\\tanner-start\\src\\lib\\__tests__\\validation.test.ts:324:39\n    at file:///D:/webWork/my_self/tanner-start/node_modules/@vitest/runner/dist/chunk-hooks.js:155:11\n    at file:///D:/webWork/my_self/tanner-start/node_modules/@vitest/runner/dist/chunk-hooks.js:752:26\n    at file:///D:/webWork/my_self/tanner-start/node_modules/@vitest/runner/dist/chunk-hooks.js:1897:20\n    at new Promise (<anonymous>)\n    at runWithTimeout (file:///D:/webWork/my_self/tanner-start/node_modules/@vitest/runner/dist/chunk-hooks.js:1863:10)\n    at runTest (file:///D:/webWork/my_self/tanner-start/node_modules/@vitest/runner/dist/chunk-hooks.js:1574:12)\n    at processTicksAndRejections (node:internal/process/task_queues:105:5)\n    at runSuite (file:///D:/webWork/my_self/tanner-start/node_modules/@vitest/runner/dist/chunk-hooks.js:1729:8)\n    at runSuite (file:///D:/webWork/my_self/tanner-start/node_modules/@vitest/runner/dist/chunk-hooks.js:1729:8)"],"meta":{}}],"startTime":1760637734280,"endTime":1760637734366.807,"status":"failed","message":"","name":"D:/webWork/my_self/tanner-start/src/lib/__tests__/validation.test.ts"},{"assertionResults":[],"startTime":1760637727521,"endTime":1760637727521,"status":"failed","message":"Transform failed with 2 errors:\nD:/webWork/my_self/tanner-start/src/test/utils.tsx:240:37: ERROR: The character \">\" is not valid inside a JSX element\nD:/webWork/my_self/tanner-start/src/test/utils.tsx:241:6: ERROR: Expected \"}\" but found \":\"","name":"D:/webWork/my_self/tanner-start/src/test/examples/component.test.tsx"},{"assertionResults":[],"startTime":1760637727521,"endTime":1760637727521,"status":"failed","message":"Transform failed with 2 errors:\nD:/webWork/my_self/tanner-start/src/test/utils.tsx:240:37: ERROR: The character \">\" is not valid inside a JSX element\nD:/webWork/my_self/tanner-start/src/test/utils.tsx:241:6: ERROR: Expected \"}\" but found \":\"","name":"D:/webWork/my_self/tanner-start/src/test/examples/hook.test.ts"},{"assertionResults":[{"ancestorTitles":["validationUtils","validate"],"fullName":"validationUtils validate validates correct data successfully","status":"passed","title":"validates correct data successfully","duration":12.508299999999508,"failureMessages":[],"meta":{}},{"ancestorTitles":["validationUtils","validate"],"fullName":"validationUtils validate returns validation errors for invalid data","status":"passed","title":"returns validation errors for invalid data","duration":3.539299999999457,"failureMessages":[],"meta":{}},{"ancestorTitles":["validationUtils","validate"],"fullName":"validationUtils validate handles missing required fields","status":"failed","title":"handles missing required fields","duration":24.126400000000103,"failureMessages":["AssertionError: the given combination of arguments (undefined and string) is invalid for this assertion. You can use an array, a map, an object, a set, a string, or a weakset instead of a string\n    at Proxy.<anonymous> (file:///D:/webWork/my_self/tanner-start/node_modules/@vitest/expect/dist/index.js:1191:15)\n    at Proxy.<anonymous> (file:///D:/webWork/my_self/tanner-start/node_modules/@vitest/expect/dist/index.js:1029:14)\n    at Proxy.methodWrapper (file:///D:/webWork/my_self/tanner-start/node_modules/chai/index.js:1686:25)\n    at D:\\webWork\\my_self\\tanner-start\\src\\test\\examples\\utils.test.ts:59:35\n    at file:///D:/webWork/my_self/tanner-start/node_modules/@vitest/runner/dist/chunk-hooks.js:155:11\n    at file:///D:/webWork/my_self/tanner-start/node_modules/@vitest/runner/dist/chunk-hooks.js:752:26\n    at file:///D:/webWork/my_self/tanner-start/node_modules/@vitest/runner/dist/chunk-hooks.js:1897:20\n    at new Promise (<anonymous>)\n    at runWithTimeout (file:///D:/webWork/my_self/tanner-start/node_modules/@vitest/runner/dist/chunk-hooks.js:1863:10)\n    at runTest (file:///D:/webWork/my_self/tanner-start/node_modules/@vitest/runner/dist/chunk-hooks.js:1574:12)"],"meta":{}},{"ancestorTitles":["validationUtils","getFieldErrors"],"fullName":"validationUtils getFieldErrors extracts field errors from ZodError","status":"failed","title":"extracts field errors from ZodError","duration":4.0009000000000015,"failureMessages":["AssertionError: the given combination of arguments (undefined and string) is invalid for this assertion. You can use an array, a map, an object, a set, a string, or a weakset instead of a string\n    at Proxy.<anonymous> (file:///D:/webWork/my_self/tanner-start/node_modules/@vitest/expect/dist/index.js:1191:15)\n    at Proxy.<anonymous> (file:///D:/webWork/my_self/tanner-start/node_modules/@vitest/expect/dist/index.js:1029:14)\n    at Proxy.methodWrapper (file:///D:/webWork/my_self/tanner-start/node_modules/chai/index.js:1686:25)\n    at D:\\webWork\\my_self\\tanner-start\\src\\test\\examples\\utils.test.ts:80:35\n    at file:///D:/webWork/my_self/tanner-start/node_modules/@vitest/runner/dist/chunk-hooks.js:155:11\n    at file:///D:/webWork/my_self/tanner-start/node_modules/@vitest/runner/dist/chunk-hooks.js:752:26\n    at file:///D:/webWork/my_self/tanner-start/node_modules/@vitest/runner/dist/chunk-hooks.js:1897:20\n    at new Promise (<anonymous>)\n    at runWithTimeout (file:///D:/webWork/my_self/tanner-start/node_modules/@vitest/runner/dist/chunk-hooks.js:1863:10)\n    at runTest (file:///D:/webWork/my_self/tanner-start/node_modules/@vitest/runner/dist/chunk-hooks.js:1574:12)"],"meta":{}},{"ancestorTitles":["validationUtils","getFieldErrors"],"fullName":"validationUtils getFieldErrors handles nested field errors","status":"failed","title":"handles nested field errors","duration":4.449800000000323,"failureMessages":["AssertionError: the given combination of arguments (undefined and string) is invalid for this assertion. You can use an array, a map, an object, a set, a string, or a weakset instead of a string\n    at Proxy.<anonymous> (file:///D:/webWork/my_self/tanner-start/node_modules/@vitest/expect/dist/index.js:1191:15)\n    at Proxy.<anonymous> (file:///D:/webWork/my_self/tanner-start/node_modules/@vitest/expect/dist/index.js:1029:14)\n    at Proxy.methodWrapper (file:///D:/webWork/my_self/tanner-start/node_modules/chai/index.js:1686:25)\n    at D:\\webWork\\my_self\\tanner-start\\src\\test\\examples\\utils.test.ts:104:50\n    at file:///D:/webWork/my_self/tanner-start/node_modules/@vitest/runner/dist/chunk-hooks.js:155:11\n    at file:///D:/webWork/my_self/tanner-start/node_modules/@vitest/runner/dist/chunk-hooks.js:752:26\n    at file:///D:/webWork/my_self/tanner-start/node_modules/@vitest/runner/dist/chunk-hooks.js:1897:20\n    at new Promise (<anonymous>)\n    at runWithTimeout (file:///D:/webWork/my_self/tanner-start/node_modules/@vitest/runner/dist/chunk-hooks.js:1863:10)\n    at runTest (file:///D:/webWork/my_self/tanner-start/node_modules/@vitest/runner/dist/chunk-hooks.js:1574:12)"],"meta":{}},{"ancestorTitles":["validationUtils","getFirstError"],"fullName":"validationUtils getFirstError returns first error message","status":"passed","title":"returns first error message","duration":3.1148999999995794,"failureMessages":[],"meta":{}},{"ancestorTitles":["validationUtils","createFieldSchema"],"fullName":"validationUtils createFieldSchema creates schema for specific field","status":"failed","title":"creates schema for specific field","duration":2.9279999999998836,"failureMessages":["TypeError: validationUtils.createFieldSchema is not a function\n    at D:\\webWork\\my_self\\tanner-start\\src\\test\\examples\\utils.test.ts:137:43\n    at file:///D:/webWork/my_self/tanner-start/node_modules/@vitest/runner/dist/chunk-hooks.js:155:11\n    at file:///D:/webWork/my_self/tanner-start/node_modules/@vitest/runner/dist/chunk-hooks.js:752:26\n    at file:///D:/webWork/my_self/tanner-start/node_modules/@vitest/runner/dist/chunk-hooks.js:1897:20\n    at new Promise (<anonymous>)\n    at runWithTimeout (file:///D:/webWork/my_self/tanner-start/node_modules/@vitest/runner/dist/chunk-hooks.js:1863:10)\n    at runTest (file:///D:/webWork/my_self/tanner-start/node_modules/@vitest/runner/dist/chunk-hooks.js:1574:12)\n    at processTicksAndRejections (node:internal/process/task_queues:105:5)\n    at runSuite (file:///D:/webWork/my_self/tanner-start/node_modules/@vitest/runner/dist/chunk-hooks.js:1729:8)\n    at runSuite (file:///D:/webWork/my_self/tanner-start/node_modules/@vitest/runner/dist/chunk-hooks.js:1729:8)"],"meta":{}},{"ancestorTitles":["cn utility"],"fullName":"cn utility merges class names correctly","status":"passed","title":"merges class names correctly","duration":25.004799999999705,"failureMessages":[],"meta":{}},{"ancestorTitles":["cn utility"],"fullName":"cn utility handles conditional classes","status":"passed","title":"handles conditional classes","duration":1.1859000000004016,"failureMessages":[],"meta":{}},{"ancestorTitles":["cn utility"],"fullName":"cn utility handles Tailwind class conflicts","status":"passed","title":"handles Tailwind class conflicts","duration":3.6266999999998006,"failureMessages":[],"meta":{}},{"ancestorTitles":["cn utility"],"fullName":"cn utility handles arrays of classes","status":"passed","title":"handles arrays of classes","duration":0.6368000000002212,"failureMessages":[],"meta":{}},{"ancestorTitles":["cn utility"],"fullName":"cn utility filters out falsy values","status":"passed","title":"filters out falsy values","duration":0.8312999999998283,"failureMessages":[],"meta":{}},{"ancestorTitles":["cn utility"],"fullName":"cn utility handles objects with boolean values","status":"passed","title":"handles objects with boolean values","duration":0.8771999999999025,"failureMessages":[],"meta":{}},{"ancestorTitles":["Form Schemas","loginSchema"],"fullName":"Form Schemas loginSchema validates correct login data","status":"passed","title":"validates correct login data","duration":4.919499999999971,"failureMessages":[],"meta":{}},{"ancestorTitles":["Form Schemas","loginSchema"],"fullName":"Form Schemas loginSchema requires email field","status":"passed","title":"requires email field","duration":1.7256999999999607,"failureMessages":[],"meta":{}},{"ancestorTitles":["Form Schemas","loginSchema"],"fullName":"Form Schemas loginSchema validates email format","status":"passed","title":"validates email format","duration":2.628099999999904,"failureMessages":[],"meta":{}},{"ancestorTitles":["Form Schemas","loginSchema"],"fullName":"Form Schemas loginSchema requires password field","status":"passed","title":"requires password field","duration":1.0336999999999534,"failureMessages":[],"meta":{}},{"ancestorTitles":["Form Schemas","loginSchema"],"fullName":"Form Schemas loginSchema makes remember field optional","status":"failed","title":"makes remember field optional","duration":9.480800000000272,"failureMessages":["AssertionError: expected undefined to be false // Object.is equality\n    at D:\\webWork\\my_self\\tanner-start\\src\\test\\examples\\utils.test.ts:268:38\n    at file:///D:/webWork/my_self/tanner-start/node_modules/@vitest/runner/dist/chunk-hooks.js:155:11\n    at file:///D:/webWork/my_self/tanner-start/node_modules/@vitest/runner/dist/chunk-hooks.js:752:26\n    at file:///D:/webWork/my_self/tanner-start/node_modules/@vitest/runner/dist/chunk-hooks.js:1897:20\n    at new Promise (<anonymous>)\n    at runWithTimeout (file:///D:/webWork/my_self/tanner-start/node_modules/@vitest/runner/dist/chunk-hooks.js:1863:10)\n    at runTest (file:///D:/webWork/my_self/tanner-start/node_modules/@vitest/runner/dist/chunk-hooks.js:1574:12)\n    at processTicksAndRejections (node:internal/process/task_queues:105:5)\n    at runSuite (file:///D:/webWork/my_self/tanner-start/node_modules/@vitest/runner/dist/chunk-hooks.js:1729:8)\n    at runSuite (file:///D:/webWork/my_self/tanner-start/node_modules/@vitest/runner/dist/chunk-hooks.js:1729:8)"],"meta":{}},{"ancestorTitles":["Async Utils"],"fullName":"Async Utils handles async validation","status":"passed","title":"handles async validation","duration":43.52559999999994,"failureMessages":[],"meta":{}},{"ancestorTitles":["Async Utils"],"fullName":"Async Utils handles timeout in async operations","status":"passed","title":"handles timeout in async operations","duration":52.59360000000015,"failureMessages":[],"meta":{}},{"ancestorTitles":["Error Handling"],"fullName":"Error Handling handles validation errors gracefully","status":"passed","title":"handles validation errors gracefully","duration":4.7224999999998545,"failureMessages":[],"meta":{}},{"ancestorTitles":["Error Handling"],"fullName":"Error Handling provides detailed error information","status":"passed","title":"provides detailed error information","duration":4.214200000000346,"failureMessages":[],"meta":{}},{"ancestorTitles":["Error Handling"],"fullName":"Error Handling handles custom error messages","status":"passed","title":"handles custom error messages","duration":1.2213000000001557,"failureMessages":[],"meta":{}}],"startTime":1760637734687,"endTime":1760637734904.2212,"status":"failed","message":"","name":"D:/webWork/my_self/tanner-start/src/test/examples/utils.test.ts"},{"assertionResults":[],"startTime":1760637727521,"endTime":1760637727521,"status":"failed","message":"Transform failed with 3 errors:\nD:/webWork/my_self/tanner-start/src/components/auth/LoginForm.tsx:111:12: ERROR: Unexpected closing \"div\" tag does not match opening \"form\" tag\nD:/webWork/my_self/tanner-start/src/components/auth/LoginForm.tsx:149:10: ERROR: Unexpected closing \"form\" tag does not match opening \"div\" tag\nD:/webWork/my_self/tanner-start/src/components/auth/LoginForm.tsx:184:10: ERROR: Unterminated regular expression","name":"D:/webWork/my_self/tanner-start/src/test/integration/auth-flow.test.tsx"},{"assertionResults":[{"ancestorTitles":["LanguageSwitcher"],"fullName":"LanguageSwitcher should render select with current locale","status":"passed","title":"should render select with current locale","duration":448.2372999999998,"failureMessages":[],"meta":{}},{"ancestorTitles":["LanguageSwitcher"],"fullName":"LanguageSwitcher should display all available locales","status":"passed","title":"should display all available locales","duration":166.85069999999996,"failureMessages":[],"meta":{}},{"ancestorTitles":["LanguageSwitcher"],"fullName":"LanguageSwitcher should call navigate when locale is changed","status":"passed","title":"should call navigate when locale is changed","duration":106.32399999999961,"failureMessages":[],"meta":{}},{"ancestorTitles":["LanguageSwitcher"],"fullName":"LanguageSwitcher should preserve current path when switching locale","status":"passed","title":"should preserve current path when switching locale","duration":63.6913999999997,"failureMessages":[],"meta":{}},{"ancestorTitles":["LanguageSwitcher"],"fullName":"LanguageSwitcher should handle root path correctly","status":"passed","title":"should handle root path correctly","duration":69.6244000000006,"failureMessages":[],"meta":{}},{"ancestorTitles":["LanguageSwitcher"],"fullName":"LanguageSwitcher should switch from en to ru","status":"passed","title":"should switch from en to ru","duration":57.762000000000626,"failureMessages":[],"meta":{}}],"startTime":1760637734353,"endTime":1760637735266.762,"status":"passed","message":"","name":"D:/webWork/my_self/tanner-start/src/components/common/__tests__/LanguageSwitcher.test.tsx"},{"assertionResults":[{"ancestorTitles":["Loading Component"],"fullName":"Loading Component should render loading spinner","status":"failed","title":"should render loading spinner","duration":43.41409999999996,"failureMessages":["ReferenceError: Trans is not defined\n    at Loading (D:\\webWork\\my_self\\tanner-start\\src\\components\\common\\Loading.tsx:30:19)\n    at Object.react_stack_bottom_frame (D:\\webWork\\my_self\\tanner-start\\node_modules\\react-dom\\cjs\\react-dom-client.development.js:23863:20)\n    at renderWithHooks (D:\\webWork\\my_self\\tanner-start\\node_modules\\react-dom\\cjs\\react-dom-client.development.js:5529:22)\n    at updateFunctionComponent (D:\\webWork\\my_self\\tanner-start\\node_modules\\react-dom\\cjs\\react-dom-client.development.js:8897:19)\n    at beginWork (D:\\webWork\\my_self\\tanner-start\\node_modules\\react-dom\\cjs\\react-dom-client.development.js:10522:18)\n    at runWithFiberInDEV (D:\\webWork\\my_self\\tanner-start\\node_modules\\react-dom\\cjs\\react-dom-client.development.js:1522:13)\n    at performUnitOfWork (D:\\webWork\\my_self\\tanner-start\\node_modules\\react-dom\\cjs\\react-dom-client.development.js:15140:22)\n    at workLoopSync (D:\\webWork\\my_self\\tanner-start\\node_modules\\react-dom\\cjs\\react-dom-client.development.js:14956:41)\n    at renderRootSync (D:\\webWork\\my_self\\tanner-start\\node_modules\\react-dom\\cjs\\react-dom-client.development.js:14936:11)\n    at performWorkOnRoot (D:\\webWork\\my_self\\tanner-start\\node_modules\\react-dom\\cjs\\react-dom-client.development.js:14462:44)"],"meta":{}},{"ancestorTitles":["Loading Component"],"fullName":"Loading Component should display custom message","status":"passed","title":"should display custom message","duration":41.37039999999979,"failureMessages":[],"meta":{}},{"ancestorTitles":["Loading Component"],"fullName":"Loading Component should display default message when no message provided","status":"failed","title":"should display default message when no message provided","duration":5.439199999999801,"failureMessages":["ReferenceError: Trans is not defined\n    at Loading (D:\\webWork\\my_self\\tanner-start\\src\\components\\common\\Loading.tsx:30:19)\n    at Object.react_stack_bottom_frame (D:\\webWork\\my_self\\tanner-start\\node_modules\\react-dom\\cjs\\react-dom-client.development.js:23863:20)\n    at renderWithHooks (D:\\webWork\\my_self\\tanner-start\\node_modules\\react-dom\\cjs\\react-dom-client.development.js:5529:22)\n    at updateFunctionComponent (D:\\webWork\\my_self\\tanner-start\\node_modules\\react-dom\\cjs\\react-dom-client.development.js:8897:19)\n    at beginWork (D:\\webWork\\my_self\\tanner-start\\node_modules\\react-dom\\cjs\\react-dom-client.development.js:10522:18)\n    at runWithFiberInDEV (D:\\webWork\\my_self\\tanner-start\\node_modules\\react-dom\\cjs\\react-dom-client.development.js:1522:13)\n    at performUnitOfWork (D:\\webWork\\my_self\\tanner-start\\node_modules\\react-dom\\cjs\\react-dom-client.development.js:15140:22)\n    at workLoopSync (D:\\webWork\\my_self\\tanner-start\\node_modules\\react-dom\\cjs\\react-dom-client.development.js:14956:41)\n    at renderRootSync (D:\\webWork\\my_self\\tanner-start\\node_modules\\react-dom\\cjs\\react-dom-client.development.js:14936:11)\n    at performWorkOnRoot (D:\\webWork\\my_self\\tanner-start\\node_modules\\react-dom\\cjs\\react-dom-client.development.js:14462:44)"],"meta":{}},{"ancestorTitles":["Loading Component"],"fullName":"Loading Component should render fullscreen when fullScreen prop is true","status":"failed","title":"should render fullscreen when fullScreen prop is true","duration":4.451599999999871,"failureMessages":["ReferenceError: Trans is not defined\n    at Loading (D:\\webWork\\my_self\\tanner-start\\src\\components\\common\\Loading.tsx:30:19)\n    at Object.react_stack_bottom_frame (D:\\webWork\\my_self\\tanner-start\\node_modules\\react-dom\\cjs\\react-dom-client.development.js:23863:20)\n    at renderWithHooks (D:\\webWork\\my_self\\tanner-start\\node_modules\\react-dom\\cjs\\react-dom-client.development.js:5529:22)\n    at updateFunctionComponent (D:\\webWork\\my_self\\tanner-start\\node_modules\\react-dom\\cjs\\react-dom-client.development.js:8897:19)\n    at beginWork (D:\\webWork\\my_self\\tanner-start\\node_modules\\react-dom\\cjs\\react-dom-client.development.js:10522:18)\n    at runWithFiberInDEV (D:\\webWork\\my_self\\tanner-start\\node_modules\\react-dom\\cjs\\react-dom-client.development.js:1522:13)\n    at performUnitOfWork (D:\\webWork\\my_self\\tanner-start\\node_modules\\react-dom\\cjs\\react-dom-client.development.js:15140:22)\n    at workLoopSync (D:\\webWork\\my_self\\tanner-start\\node_modules\\react-dom\\cjs\\react-dom-client.development.js:14956:41)\n    at renderRootSync (D:\\webWork\\my_self\\tanner-start\\node_modules\\react-dom\\cjs\\react-dom-client.development.js:14936:11)\n    at performWorkOnRoot (D:\\webWork\\my_self\\tanner-start\\node_modules\\react-dom\\cjs\\react-dom-client.development.js:14462:44)"],"meta":{}},{"ancestorTitles":["Loading Component"],"fullName":"Loading Component should not render fullscreen by default","status":"failed","title":"should not render fullscreen by default","duration":5.372399999999743,"failureMessages":["ReferenceError: Trans is not defined\n    at Loading (D:\\webWork\\my_self\\tanner-start\\src\\components\\common\\Loading.tsx:30:19)\n    at Object.react_stack_bottom_frame (D:\\webWork\\my_self\\tanner-start\\node_modules\\react-dom\\cjs\\react-dom-client.development.js:23863:20)\n    at renderWithHooks (D:\\webWork\\my_self\\tanner-start\\node_modules\\react-dom\\cjs\\react-dom-client.development.js:5529:22)\n    at updateFunctionComponent (D:\\webWork\\my_self\\tanner-start\\node_modules\\react-dom\\cjs\\react-dom-client.development.js:8897:19)\n    at beginWork (D:\\webWork\\my_self\\tanner-start\\node_modules\\react-dom\\cjs\\react-dom-client.development.js:10522:18)\n    at runWithFiberInDEV (D:\\webWork\\my_self\\tanner-start\\node_modules\\react-dom\\cjs\\react-dom-client.development.js:1522:13)\n    at performUnitOfWork (D:\\webWork\\my_self\\tanner-start\\node_modules\\react-dom\\cjs\\react-dom-client.development.js:15140:22)\n    at workLoopSync (D:\\webWork\\my_self\\tanner-start\\node_modules\\react-dom\\cjs\\react-dom-client.development.js:14956:41)\n    at renderRootSync (D:\\webWork\\my_self\\tanner-start\\node_modules\\react-dom\\cjs\\react-dom-client.development.js:14936:11)\n    at performWorkOnRoot (D:\\webWork\\my_self\\tanner-start\\node_modules\\react-dom\\cjs\\react-dom-client.development.js:14462:44)"],"meta":{}},{"ancestorTitles":["Loading Component"],"fullName":"Loading Component should have spinner animation","status":"failed","title":"should have spinner animation","duration":3.8137000000001535,"failureMessages":["ReferenceError: Trans is not defined\n    at Loading (D:\\webWork\\my_self\\tanner-start\\src\\components\\common\\Loading.tsx:30:19)\n    at Object.react_stack_bottom_frame (D:\\webWork\\my_self\\tanner-start\\node_modules\\react-dom\\cjs\\react-dom-client.development.js:23863:20)\n    at renderWithHooks (D:\\webWork\\my_self\\tanner-start\\node_modules\\react-dom\\cjs\\react-dom-client.development.js:5529:22)\n    at updateFunctionComponent (D:\\webWork\\my_self\\tanner-start\\node_modules\\react-dom\\cjs\\react-dom-client.development.js:8897:19)\n    at beginWork (D:\\webWork\\my_self\\tanner-start\\node_modules\\react-dom\\cjs\\react-dom-client.development.js:10522:18)\n    at runWithFiberInDEV (D:\\webWork\\my_self\\tanner-start\\node_modules\\react-dom\\cjs\\react-dom-client.development.js:1522:13)\n    at performUnitOfWork (D:\\webWork\\my_self\\tanner-start\\node_modules\\react-dom\\cjs\\react-dom-client.development.js:15140:22)\n    at workLoopSync (D:\\webWork\\my_self\\tanner-start\\node_modules\\react-dom\\cjs\\react-dom-client.development.js:14956:41)\n    at renderRootSync (D:\\webWork\\my_self\\tanner-start\\node_modules\\react-dom\\cjs\\react-dom-client.development.js:14936:11)\n    at performWorkOnRoot (D:\\webWork\\my_self\\tanner-start\\node_modules\\react-dom\\cjs\\react-dom-client.development.js:14462:44)"],"meta":{}},{"ancestorTitles":["Loading Component"],"fullName":"Loading Component should support different sizes","status":"failed","title":"should support different sizes","duration":2.7467000000001462,"failureMessages":["ReferenceError: Trans is not defined\n    at Loading (D:\\webWork\\my_self\\tanner-start\\src\\components\\common\\Loading.tsx:30:19)\n    at Object.react_stack_bottom_frame (D:\\webWork\\my_self\\tanner-start\\node_modules\\react-dom\\cjs\\react-dom-client.development.js:23863:20)\n    at renderWithHooks (D:\\webWork\\my_self\\tanner-start\\node_modules\\react-dom\\cjs\\react-dom-client.development.js:5529:22)\n    at updateFunctionComponent (D:\\webWork\\my_self\\tanner-start\\node_modules\\react-dom\\cjs\\react-dom-client.development.js:8897:19)\n    at beginWork (D:\\webWork\\my_self\\tanner-start\\node_modules\\react-dom\\cjs\\react-dom-client.development.js:10522:18)\n    at runWithFiberInDEV (D:\\webWork\\my_self\\tanner-start\\node_modules\\react-dom\\cjs\\react-dom-client.development.js:1522:13)\n    at performUnitOfWork (D:\\webWork\\my_self\\tanner-start\\node_modules\\react-dom\\cjs\\react-dom-client.development.js:15140:22)\n    at workLoopSync (D:\\webWork\\my_self\\tanner-start\\node_modules\\react-dom\\cjs\\react-dom-client.development.js:14956:41)\n    at renderRootSync (D:\\webWork\\my_self\\tanner-start\\node_modules\\react-dom\\cjs\\react-dom-client.development.js:14936:11)\n    at performWorkOnRoot (D:\\webWork\\my_self\\tanner-start\\node_modules\\react-dom\\cjs\\react-dom-client.development.js:14462:44)"],"meta":{}}],"startTime":1760637738050,"endTime":1760637738156.7466,"status":"failed","message":"","name":"D:/webWork/my_self/tanner-start/src/components/common/__tests__/Loading.test.tsx"},{"assertionResults":[],"startTime":1760637727521,"endTime":1760637727521,"status":"failed","message":"Transform failed with 3 errors:\nD:/webWork/my_self/tanner-start/src/components/auth/LoginForm.tsx:111:12: ERROR: Unexpected closing \"div\" tag does not match opening \"form\" tag\nD:/webWork/my_self/tanner-start/src/components/auth/LoginForm.tsx:149:10: ERROR: Unexpected closing \"form\" tag does not match opening \"div\" tag\nD:/webWork/my_self/tanner-start/src/components/auth/LoginForm.tsx:184:10: ERROR: Unterminated regular expression","name":"D:/webWork/my_self/tanner-start/src/components/common/__tests__/Navigation.test.tsx"},{"assertionResults":[{"ancestorTitles":["I18nExample"],"fullName":"I18nExample should have correct initial state values","status":"passed","title":"should have correct initial state values","duration":2.9185999999999694,"failureMessages":[],"meta":{}},{"ancestorTitles":["I18nExample"],"fullName":"I18nExample should handle count increment logic","status":"passed","title":"should handle count increment logic","duration":0.9435000000003129,"failureMessages":[],"meta":{}},{"ancestorTitles":["I18nExample"],"fullName":"I18nExample should handle count decrement logic","status":"passed","title":"should handle count decrement logic","duration":0.8525000000008731,"failureMessages":[],"meta":{}},{"ancestorTitles":["I18nExample"],"fullName":"I18nExample should handle name updates","status":"passed","title":"should handle name updates","duration":0.6027999999996609,"failureMessages":[],"meta":{}},{"ancestorTitles":["I18nExample"],"fullName":"I18nExample should validate pluralization rules for Russian","status":"passed","title":"should validate pluralization rules for Russian","duration":0.738800000000083,"failureMessages":[],"meta":{}},{"ancestorTitles":["I18nExample"],"fullName":"I18nExample should have all required sections","status":"passed","title":"should have all required sections","duration":2.462399999999434,"failureMessages":[],"meta":{}},{"ancestorTitles":["I18nExample"],"fullName":"I18nExample should validate input constraints","status":"passed","title":"should validate input constraints","duration":0.6980000000003201,"failureMessages":[],"meta":{}},{"ancestorTitles":["I18nExample"],"fullName":"I18nExample should handle button interactions","status":"passed","title":"should handle button interactions","duration":0.6697000000003754,"failureMessages":[],"meta":{}},{"ancestorTitles":["I18nExample"],"fullName":"I18nExample should format greeting message","status":"passed","title":"should format greeting message","duration":1.2811999999994441,"failureMessages":[],"meta":{}},{"ancestorTitles":["I18nExample"],"fullName":"I18nExample should format days message","status":"passed","title":"should format days message","duration":1.5793000000003303,"failureMessages":[],"meta":{}}],"startTime":1760637734079,"endTime":1760637734092.5793,"status":"passed","message":"","name":"D:/webWork/my_self/tanner-start/src/components/examples/__tests__/I18nExample.test.tsx"},{"assertionResults":[{"ancestorTitles":["Button Component"],"fullName":"Button Component should render button with text","status":"passed","title":"should render button with text","duration":266.3285000000001,"failureMessages":[],"meta":{}},{"ancestorTitles":["Button Component"],"fullName":"Button Component should handle click events","status":"passed","title":"should handle click events","duration":115.39179999999942,"failureMessages":[],"meta":{}},{"ancestorTitles":["Button Component"],"fullName":"Button Component should be disabled when disabled prop is true","status":"passed","title":"should be disabled when disabled prop is true","duration":41.82340000000022,"failureMessages":[],"meta":{}},{"ancestorTitles":["Button Component"],"fullName":"Button Component should not trigger click when disabled","status":"passed","title":"should not trigger click when disabled","duration":58.74420000000009,"failureMessages":[],"meta":{}},{"ancestorTitles":["Button Component"],"fullName":"Button Component should apply variant classes","status":"passed","title":"should apply variant classes","duration":96.26760000000013,"failureMessages":[],"meta":{}},{"ancestorTitles":["Button Component"],"fullName":"Button Component should apply size classes","status":"failed","title":"should apply size classes","duration":39.178100000000086,"failureMessages":["Error: \u001b[2mexpect(\u001b[22m\u001b[31melement\u001b[39m\u001b[2m).toHaveClass(\u001b[22m\u001b[32m\u001b[32m\"h-10\"\u001b[32m\u001b[39m\u001b[2m)\u001b[22m\n\nExpected the element to have class:\n\u001b[32m  h-10\u001b[39m\nReceived:\n\u001b[31m  inline-flex items-center justify-center gap-2 whitespace-nowrap rounded-md text-sm font-medium transition-all disabled:pointer-events-none disabled:opacity-50 [&_svg]:pointer-events-none [&_svg:not([class*='size-'])]:size-4 shrink-0 [&_svg]:shrink-0 outline-none focus-visible:border-ring focus-visible:ring-ring/50 focus-visible:ring-[3px] aria-invalid:ring-destructive/20 dark:aria-invalid:ring-destructive/40 aria-invalid:border-destructive bg-primary text-primary-foreground hover:bg-primary/90 h-9 px-4 py-2 has-[>svg]:px-3\u001b[39m\n    at Proxy.expectWrapper (file:///D:/webWork/my_self/tanner-start/node_modules/@vitest/expect/dist/index.js:1745:12)\n    at Proxy.<anonymous> (file:///D:/webWork/my_self/tanner-start/node_modules/@vitest/expect/dist/index.js:1029:14)\n    at Proxy.methodWrapper (file:///D:/webWork/my_self/tanner-start/node_modules/chai/index.js:1686:25)\n    at D:\\webWork\\my_self\\tanner-start\\src\\components\\ui\\__tests__\\button.test.tsx:59:38\n    at file:///D:/webWork/my_self/tanner-start/node_modules/@vitest/runner/dist/chunk-hooks.js:155:11\n    at file:///D:/webWork/my_self/tanner-start/node_modules/@vitest/runner/dist/chunk-hooks.js:752:26\n    at file:///D:/webWork/my_self/tanner-start/node_modules/@vitest/runner/dist/chunk-hooks.js:1897:20\n    at new Promise (<anonymous>)\n    at runWithTimeout (file:///D:/webWork/my_self/tanner-start/node_modules/@vitest/runner/dist/chunk-hooks.js:1863:10)\n    at runTest (file:///D:/webWork/my_self/tanner-start/node_modules/@vitest/runner/dist/chunk-hooks.js:1574:12)"],"meta":{}},{"ancestorTitles":["Button Component"],"fullName":"Button Component should render as child component when asChild is true","status":"passed","title":"should render as child component when asChild is true","duration":41.27819999999974,"failureMessages":[],"meta":{}},{"ancestorTitles":["Button Component"],"fullName":"Button Component should merge custom className with default classes","status":"passed","title":"should merge custom className with default classes","duration":33.238100000000486,"failureMessages":[],"meta":{}},{"ancestorTitles":["Button Component"],"fullName":"Button Component should support different button types","status":"passed","title":"should support different button types","duration":75.89719999999943,"failureMessages":[],"meta":{}}],"startTime":1760637738076,"endTime":1760637738844.8972,"status":"failed","message":"","name":"D:/webWork/my_self/tanner-start/src/components/ui/__tests__/button.test.tsx"},{"assertionResults":[{"ancestorTitles":["Card Components","Card"],"fullName":"Card Components Card should render card with children","status":"passed","title":"should render card with children","duration":121.99569999999949,"failureMessages":[],"meta":{}},{"ancestorTitles":["Card Components","Card"],"fullName":"Card Components Card should apply custom className","status":"failed","title":"should apply custom className","duration":32.88830000000053,"failureMessages":["Error: \u001b[2mexpect(\u001b[22m\u001b[31melement\u001b[39m\u001b[2m).toHaveClass(\u001b[22m\u001b[32m\u001b[32m\"custom-card\"\u001b[32m\u001b[39m\u001b[2m)\u001b[22m\n\nExpected the element to have class:\n\u001b[32m  custom-card\u001b[39m\nReceived:\n\u001b[31m\u001b[39m\n    at Proxy.expectWrapper (file:///D:/webWork/my_self/tanner-start/node_modules/@vitest/expect/dist/index.js:1745:12)\n    at Proxy.<anonymous> (file:///D:/webWork/my_self/tanner-start/node_modules/@vitest/expect/dist/index.js:1029:14)\n    at Proxy.methodWrapper (file:///D:/webWork/my_self/tanner-start/node_modules/chai/index.js:1686:25)\n    at D:\\webWork\\my_self\\tanner-start\\src\\components\\ui\\__tests__\\card.test.tsx:22:17\n    at file:///D:/webWork/my_self/tanner-start/node_modules/@vitest/runner/dist/chunk-hooks.js:155:11\n    at file:///D:/webWork/my_self/tanner-start/node_modules/@vitest/runner/dist/chunk-hooks.js:752:26\n    at file:///D:/webWork/my_self/tanner-start/node_modules/@vitest/runner/dist/chunk-hooks.js:1897:20\n    at new Promise (<anonymous>)\n    at runWithTimeout (file:///D:/webWork/my_self/tanner-start/node_modules/@vitest/runner/dist/chunk-hooks.js:1863:10)\n    at runTest (file:///D:/webWork/my_self/tanner-start/node_modules/@vitest/runner/dist/chunk-hooks.js:1574:12)"],"meta":{}},{"ancestorTitles":["Card Components","CardHeader"],"fullName":"Card Components CardHeader should render card header","status":"passed","title":"should render card header","duration":14.06919999999991,"failureMessages":[],"meta":{}},{"ancestorTitles":["Card Components","CardHeader"],"fullName":"Card Components CardHeader should have correct spacing classes","status":"failed","title":"should have correct spacing classes","duration":11.252300000000105,"failureMessages":["Error: \u001b[2mexpect(\u001b[22m\u001b[31melement\u001b[39m\u001b[2m).toHaveClass(\u001b[22m\u001b[32m\u001b[32m\"flex flex-col space-y-1.5\"\u001b[32m\u001b[39m\u001b[2m)\u001b[22m\n\nExpected the element to have class:\n\u001b[32m  flex flex-col space-y-1.5\u001b[39m\nReceived:\n\u001b[31m  @container/card-header grid auto-rows-min grid-rows-[auto_auto] items-start gap-1.5 px-6 has-data-[slot=card-action]:grid-cols-[1fr_auto] [.border-b]:pb-6\u001b[39m\n    at Proxy.expectWrapper (file:///D:/webWork/my_self/tanner-start/node_modules/@vitest/expect/dist/index.js:1745:12)\n    at Proxy.<anonymous> (file:///D:/webWork/my_self/tanner-start/node_modules/@vitest/expect/dist/index.js:1029:14)\n    at Proxy.methodWrapper (file:///D:/webWork/my_self/tanner-start/node_modules/chai/index.js:1686:25)\n    at D:\\webWork\\my_self\\tanner-start\\src\\components\\ui\\__tests__\\card.test.tsx:36:19\n    at file:///D:/webWork/my_self/tanner-start/node_modules/@vitest/runner/dist/chunk-hooks.js:155:11\n    at file:///D:/webWork/my_self/tanner-start/node_modules/@vitest/runner/dist/chunk-hooks.js:752:26\n    at file:///D:/webWork/my_self/tanner-start/node_modules/@vitest/runner/dist/chunk-hooks.js:1897:20\n    at new Promise (<anonymous>)\n    at runWithTimeout (file:///D:/webWork/my_self/tanner-start/node_modules/@vitest/runner/dist/chunk-hooks.js:1863:10)\n    at runTest (file:///D:/webWork/my_self/tanner-start/node_modules/@vitest/runner/dist/chunk-hooks.js:1574:12)"],"meta":{}},{"ancestorTitles":["Card Components","CardTitle"],"fullName":"Card Components CardTitle should render card title","status":"passed","title":"should render card title","duration":14.596099999999751,"failureMessages":[],"meta":{}},{"ancestorTitles":["Card Components","CardTitle"],"fullName":"Card Components CardTitle should have correct typography classes","status":"failed","title":"should have correct typography classes","duration":8.293499999999767,"failureMessages":["Error: \u001b[2mexpect(\u001b[22m\u001b[31melement\u001b[39m\u001b[2m).toHaveClass(\u001b[22m\u001b[32m\u001b[32m\"text-2xl font-semibold\"\u001b[32m\u001b[39m\u001b[2m)\u001b[22m\n\nExpected the element to have class:\n\u001b[32m  text-2xl font-semibold\u001b[39m\nReceived:\n\u001b[31m  leading-none font-semibold\u001b[39m\n    at Proxy.expectWrapper (file:///D:/webWork/my_self/tanner-start/node_modules/@vitest/expect/dist/index.js:1745:12)\n    at Proxy.<anonymous> (file:///D:/webWork/my_self/tanner-start/node_modules/@vitest/expect/dist/index.js:1029:14)\n    at Proxy.methodWrapper (file:///D:/webWork/my_self/tanner-start/node_modules/chai/index.js:1686:25)\n    at D:\\webWork\\my_self\\tanner-start\\src\\components\\ui\\__tests__\\card.test.tsx:49:18\n    at file:///D:/webWork/my_self/tanner-start/node_modules/@vitest/runner/dist/chunk-hooks.js:155:11\n    at file:///D:/webWork/my_self/tanner-start/node_modules/@vitest/runner/dist/chunk-hooks.js:752:26\n    at file:///D:/webWork/my_self/tanner-start/node_modules/@vitest/runner/dist/chunk-hooks.js:1897:20\n    at new Promise (<anonymous>)\n    at runWithTimeout (file:///D:/webWork/my_self/tanner-start/node_modules/@vitest/runner/dist/chunk-hooks.js:1863:10)\n    at runTest (file:///D:/webWork/my_self/tanner-start/node_modules/@vitest/runner/dist/chunk-hooks.js:1574:12)"],"meta":{}},{"ancestorTitles":["Card Components","CardDescription"],"fullName":"Card Components CardDescription should render card description","status":"passed","title":"should render card description","duration":5.841099999999642,"failureMessages":[],"meta":{}},{"ancestorTitles":["Card Components","CardDescription"],"fullName":"Card Components CardDescription should have muted text color","status":"passed","title":"should have muted text color","duration":8.518399999999929,"failureMessages":[],"meta":{}},{"ancestorTitles":["Card Components","CardContent"],"fullName":"Card Components CardContent should render card content","status":"passed","title":"should render card content","duration":10.208200000000033,"failureMessages":[],"meta":{}},{"ancestorTitles":["Card Components","CardContent"],"fullName":"Card Components CardContent should have padding","status":"failed","title":"should have padding","duration":9.457100000000537,"failureMessages":["Error: \u001b[2mexpect(\u001b[22m\u001b[31melement\u001b[39m\u001b[2m).toHaveClass(\u001b[22m\u001b[32m\u001b[32m\"p-6\"\u001b[32m\u001b[39m\u001b[2m)\u001b[22m\n\nExpected the element to have class:\n\u001b[32m  p-6\u001b[39m\nReceived:\n\u001b[31m  px-6\u001b[39m\n    at Proxy.expectWrapper (file:///D:/webWork/my_self/tanner-start/node_modules/@vitest/expect/dist/index.js:1745:12)\n    at Proxy.<anonymous> (file:///D:/webWork/my_self/tanner-start/node_modules/@vitest/expect/dist/index.js:1029:14)\n    at Proxy.methodWrapper (file:///D:/webWork/my_self/tanner-start/node_modules/chai/index.js:1686:25)\n    at D:\\webWork\\my_self\\tanner-start\\src\\components\\ui\\__tests__\\card.test.tsx:75:20\n    at file:///D:/webWork/my_self/tanner-start/node_modules/@vitest/runner/dist/chunk-hooks.js:155:11\n    at file:///D:/webWork/my_self/tanner-start/node_modules/@vitest/runner/dist/chunk-hooks.js:752:26\n    at file:///D:/webWork/my_self/tanner-start/node_modules/@vitest/runner/dist/chunk-hooks.js:1897:20\n    at new Promise (<anonymous>)\n    at runWithTimeout (file:///D:/webWork/my_self/tanner-start/node_modules/@vitest/runner/dist/chunk-hooks.js:1863:10)\n    at runTest (file:///D:/webWork/my_self/tanner-start/node_modules/@vitest/runner/dist/chunk-hooks.js:1574:12)"],"meta":{}},{"ancestorTitles":["Card Components","CardFooter"],"fullName":"Card Components CardFooter should render card footer","status":"passed","title":"should render card footer","duration":6.0263999999997395,"failureMessages":[],"meta":{}},{"ancestorTitles":["Card Components","CardFooter"],"fullName":"Card Components CardFooter should have flex layout","status":"passed","title":"should have flex layout","duration":6.727899999999863,"failureMessages":[],"meta":{}},{"ancestorTitles":["Card Components","Complete Card"],"fullName":"Card Components Complete Card should render complete card with all sections","status":"passed","title":"should render complete card with all sections","duration":15.918100000000777,"failureMessages":[],"meta":{}}],"startTime":1760637734499,"endTime":1760637734768.9182,"status":"failed","message":"","name":"D:/webWork/my_self/tanner-start/src/components/ui/__tests__/card.test.tsx"},{"assertionResults":[],"startTime":1760637727521,"endTime":1760637727521,"status":"failed","message":"Transform failed with 3 errors:\nD:/webWork/my_self/tanner-start/src/components/auth/LoginForm.tsx:111:12: ERROR: Unexpected closing \"div\" tag does not match opening \"form\" tag\nD:/webWork/my_self/tanner-start/src/components/auth/LoginForm.tsx:149:10: ERROR: Unexpected closing \"form\" tag does not match opening \"div\" tag\nD:/webWork/my_self/tanner-start/src/components/auth/LoginForm.tsx:184:10: ERROR: Unterminated regular expression","name":"D:/webWork/my_self/tanner-start/src/components/forms/__tests__/LoginForm.test.tsx"}]}